INFO     planner time limit: 900s
INFO     planner memory limit: 3584 MB

INFO     Running translator.
INFO     translator stdin: None
INFO     translator time limit: 899s
INFO     translator memory limit: 3584 MB
INFO     translator command line string: /usr/local/downward-projects/downward/experiments/.venv/bin/python3 /usr/local/downward-projects/downward/experiments/src/thesis/data/thesis-thesis_exp/code-f7a4f68fd467cf7cff4d3dfcfdfcfa2023e44324_e5e41175/builds/release/bin/translate/translate.py domain.pddl problem.pddl --sas-file output.sas
Parsing...
Parsing: [0.000s CPU, 0.004s wall-clock]
Normalizing task... [0.000s CPU, 0.000s wall-clock]
Instantiating...
Generating Datalog program... [0.000s CPU, 0.002s wall-clock]
Normalizing Datalog program...
Normalizing Datalog program: [0.000s CPU, 0.001s wall-clock]
Preparing model... [0.010s CPU, 0.004s wall-clock]
Generated 26 rules.
Computing model... [15.150s CPU, 15.196s wall-clock]
1061718 relevant atoms
710245 auxiliary atoms
1771963 final queue length
3861696 total queue pushes
Completing instantiation... [56.420s CPU, 56.621s wall-clock]
Instantiating: [72.250s CPU, 72.511s wall-clock]
Computing fact groups...
Finding invariants...
9 initial candidates
Finding invariants: [0.720s CPU, 0.720s wall-clock]
Checking invariant weight... [0.000s CPU, 0.001s wall-clock]
Instantiating groups... [0.040s CPU, 0.042s wall-clock]
Collecting mutex groups... [0.010s CPU, 0.006s wall-clock]
Choosing groups...
0 uncovered facts
Choosing groups: [0.010s CPU, 0.013s wall-clock]
Building translation key... [0.000s CPU, 0.006s wall-clock]
Computing fact groups: [0.810s CPU, 0.817s wall-clock]
Building STRIPS to SAS dictionary... [0.010s CPU, 0.004s wall-clock]
Building dictionary for full mutex groups... [0.000s CPU, 0.003s wall-clock]
Building mutex information...
Building mutex information: [0.000s CPU, 0.002s wall-clock]
Translating task...
Processing axioms...
Simplifying axioms... [0.000s CPU, 0.000s wall-clock]
Translator axioms removed by simplifying: 0
Computing negative axioms... [0.000s CPU, 0.000s wall-clock]
Processing axioms: [1.420s CPU, 1.419s wall-clock]
Translating task: [31.100s CPU, 31.233s wall-clock]
0 effect conditions simplified
0 implied preconditions added
Detecting unreachable propositions...

Translator ran out of memory, traceback:
===============================================================================
Traceback (most recent call last):
  File "/usr/local/downward-projects/downward/experiments/src/thesis/data/thesis-thesis_exp/code-f7a4f68fd467cf7cff4d3dfcfdfcfa2023e44324_e5e41175/builds/release/bin/translate/simplify.py", line 233, in apply_to_task
    self.apply_to_operators(task.operators)
  File "/usr/local/downward-projects/downward/experiments/src/thesis/data/thesis-thesis_exp/code-f7a4f68fd467cf7cff4d3dfcfdfcfa2023e44324_e5e41175/builds/release/bin/translate/simplify.py", line 302, in apply_to_operators
    new_op = self.translate_operator(op)
  File "/usr/local/downward-projects/downward/experiments/src/thesis/data/thesis-thesis_exp/code-f7a4f68fd467cf7cff4d3dfcfdfcfa2023e44324_e5e41175/builds/release/bin/translate/simplify.py", line 354, in translate_operator
    applicability_conditions = op.get_applicability_conditions()
  File "/usr/local/downward-projects/downward/experiments/src/thesis/data/thesis-thesis_exp/code-f7a4f68fd467cf7cff4d3dfcfdfcfa2023e44324_e5e41175/builds/release/bin/translate/sas_tasks.py", line 408, in get_applicability_conditions
    return sorted(conditions.items())
MemoryError

During handling of the above exception, another exception occurred:

MemoryError

During handling of the above exception, another exception occurred:

MemoryError

During handling of the above exception, another exception occurred:

MemoryError

During handling of the above exception, another exception occurred:

MemoryError

During handling of the above exception, another exception occurred:

MemoryError

During handling of the above exception, another exception occurred:

MemoryError

During handling of the above exception, another exception occurred:

MemoryError

During handling of the above exception, another exception occurred:

MemoryError

During handling of the above exception, another exception occurred:

MemoryError
===============================================================================
translate exit code: 20

Driver aborting after translate
INFO     Planner time: 124.76s
search time limit missing -> can't compute time scores
search memory limit missing -> can't compute memory score
