INFO     planner time limit: 900s
INFO     planner memory limit: 3584 MB

INFO     Running translator.
INFO     translator stdin: None
INFO     translator time limit: 899s
INFO     translator memory limit: 3584 MB
INFO     translator command line string: /usr/local/downward-projects/downward/experiments/.venv/bin/python3 /usr/local/downward-projects/downward/experiments/src/thesis/data/thesis-thesis_exp/code-492c46a6b9a8d722366a407090da84235e2f79dc_e5e41175/builds/release/bin/translate/translate.py domain.pddl problem.pddl --sas-file output.sas
Parsing...
Parsing: [0.000s CPU, 0.004s wall-clock]
Normalizing task... [0.000s CPU, 0.000s wall-clock]
Instantiating...
Generating Datalog program... [0.000s CPU, 0.002s wall-clock]
Normalizing Datalog program...
Normalizing Datalog program: [0.010s CPU, 0.001s wall-clock]
Preparing model... [0.000s CPU, 0.004s wall-clock]
Generated 26 rules.
Computing model... [18.410s CPU, 18.414s wall-clock]
1306695 relevant atoms
870994 auxiliary atoms
2177689 final queue length
4753762 total queue pushes
Completing instantiation... [62.030s CPU, 62.087s wall-clock]
Instantiating: [81.240s CPU, 81.298s wall-clock]
Computing fact groups...
Finding invariants...
9 initial candidates
Finding invariants: [0.860s CPU, 0.859s wall-clock]
Checking invariant weight... [0.000s CPU, 0.001s wall-clock]
Instantiating groups... [5.550s CPU, 5.596s wall-clock]
Collecting mutex groups... [0.010s CPU, 0.008s wall-clock]
Choosing groups...
0 uncovered facts
Choosing groups: [0.020s CPU, 0.016s wall-clock]
Building translation key... [0.010s CPU, 0.007s wall-clock]
Computing fact groups: [6.480s CPU, 6.524s wall-clock]
Building STRIPS to SAS dictionary... [0.000s CPU, 0.005s wall-clock]
Building dictionary for full mutex groups... [0.010s CPU, 0.004s wall-clock]
Building mutex information...
Building mutex information: [0.000s CPU, 0.003s wall-clock]
Translating task...
Processing axioms...
Simplifying axioms... [0.000s CPU, 0.000s wall-clock]
Translator axioms removed by simplifying: 0
Computing negative axioms... [0.000s CPU, 0.000s wall-clock]
Processing axioms: [1.750s CPU, 1.764s wall-clock]

Translator ran out of memory, traceback:
===============================================================================
MemoryError

During handling of the above exception, another exception occurred:

Traceback (most recent call last):
  File "/usr/local/downward-projects/downward/experiments/src/thesis/data/thesis-thesis_exp/code-492c46a6b9a8d722366a407090da84235e2f79dc_e5e41175/builds/release/bin/translate/timers.py", line 30, in timing
    yield
  File "/usr/local/downward-projects/downward/experiments/src/thesis/data/thesis-thesis_exp/code-492c46a6b9a8d722366a407090da84235e2f79dc_e5e41175/builds/release/bin/translate/translate.py", line 593, in pddl_to_sas
    sas_task = translate_task(
  File "/usr/local/downward-projects/downward/experiments/src/thesis/data/thesis-thesis_exp/code-492c46a6b9a8d722366a407090da84235e2f79dc_e5e41175/builds/release/bin/translate/translate.py", line 502, in translate_task
    operators = translate_strips_operators(actions, strips_to_sas, ranges,
  File "/usr/local/downward-projects/downward/experiments/src/thesis/data/thesis-thesis_exp/code-492c46a6b9a8d722366a407090da84235e2f79dc_e5e41175/builds/release/bin/translate/translate.py", line 400, in translate_strips_operators
    sas_ops = translate_strips_operator(action, strips_to_sas, ranges,
  File "/usr/local/downward-projects/downward/experiments/src/thesis/data/thesis-thesis_exp/code-492c46a6b9a8d722366a407090da84235e2f79dc_e5e41175/builds/release/bin/translate/translate.py", line 186, in translate_strips_operator
    op = translate_strips_operator_aux(operator, dictionary, ranges,
MemoryError

During handling of the above exception, another exception occurred:

MemoryError

During handling of the above exception, another exception occurred:

MemoryError

During handling of the above exception, another exception occurred:

MemoryError

During handling of the above exception, another exception occurred:

MemoryError
===============================================================================
translate exit code: 20

Driver aborting after translate
INFO     Planner time: 99.90s
search time limit missing -> can't compute time scores
search memory limit missing -> can't compute memory score
