INFO     planner time limit: 900s
INFO     planner memory limit: 3584 MB

INFO     Running translator.
INFO     translator stdin: None
INFO     translator time limit: 899s
INFO     translator memory limit: 3584 MB
INFO     translator command line string: /usr/local/downward-projects/downward/experiments/.venv/bin/python3 /usr/local/downward-projects/downward/experiments/src/thesis/data/thesis-thesis_exp/code-beb2e19b3d35a0ced2c328754445ca6967892fa8_e5e41175/builds/release/bin/translate/translate.py domain.pddl problem.pddl --sas-file output.sas
Parsing...
Parsing: [0.000s CPU, 0.004s wall-clock]
Normalizing task... [0.000s CPU, 0.000s wall-clock]
Instantiating...
Generating Datalog program... [0.000s CPU, 0.002s wall-clock]
Normalizing Datalog program...
Normalizing Datalog program: [0.010s CPU, 0.001s wall-clock]
Preparing model... [0.000s CPU, 0.004s wall-clock]
Generated 26 rules.
Computing model... [15.180s CPU, 15.191s wall-clock]
1061718 relevant atoms
710245 auxiliary atoms
1771963 final queue length
3861696 total queue pushes
Completing instantiation... [56.940s CPU, 57.072s wall-clock]
Instantiating: [72.830s CPU, 72.971s wall-clock]
Computing fact groups...
Finding invariants...
9 initial candidates
Finding invariants: [0.710s CPU, 0.714s wall-clock]
Checking invariant weight... [0.000s CPU, 0.001s wall-clock]
Instantiating groups... [0.050s CPU, 0.046s wall-clock]
Collecting mutex groups... [0.010s CPU, 0.007s wall-clock]
Choosing groups...
0 uncovered facts
Choosing groups: [0.010s CPU, 0.016s wall-clock]
Building translation key... [0.010s CPU, 0.006s wall-clock]
Computing fact groups: [0.820s CPU, 0.822s wall-clock]
Building STRIPS to SAS dictionary... [0.000s CPU, 0.005s wall-clock]
Building dictionary for full mutex groups... [0.000s CPU, 0.003s wall-clock]
Building mutex information...
Building mutex information: [0.010s CPU, 0.002s wall-clock]
Translating task...
Processing axioms...
Simplifying axioms... [0.000s CPU, 0.000s wall-clock]
Translator axioms removed by simplifying: 0
Computing negative axioms... [0.000s CPU, 0.000s wall-clock]
Processing axioms: [1.410s CPU, 1.418s wall-clock]
Translating task: [31.190s CPU, 31.240s wall-clock]
0 effect conditions simplified
0 implied preconditions added
Detecting unreachable propositions...

Translator ran out of memory, traceback:
===============================================================================
MemoryError

During handling of the above exception, another exception occurred:

Traceback (most recent call last):
  File "/usr/local/downward-projects/downward/experiments/src/thesis/data/thesis-thesis_exp/code-beb2e19b3d35a0ced2c328754445ca6967892fa8_e5e41175/builds/release/bin/translate/simplify.py", line 379, in translate_operator
    return sas_tasks.SASOperator(
  File "/usr/local/downward-projects/downward/experiments/src/thesis/data/thesis-thesis_exp/code-beb2e19b3d35a0ced2c328754445ca6967892fa8_e5e41175/builds/release/bin/translate/sas_tasks.py", line 268, in __init__
    self.pre_post = self._canonical_pre_post(pre_post)
MemoryError

During handling of the above exception, another exception occurred:

MemoryError

During handling of the above exception, another exception occurred:

MemoryError

During handling of the above exception, another exception occurred:

MemoryError

During handling of the above exception, another exception occurred:

MemoryError

During handling of the above exception, another exception occurred:

MemoryError

During handling of the above exception, another exception occurred:

MemoryError

During handling of the above exception, another exception occurred:

MemoryError

During handling of the above exception, another exception occurred:

MemoryError

During handling of the above exception, another exception occurred:

MemoryError
===============================================================================
translate exit code: 20

Driver aborting after translate
INFO     Planner time: 125.47s
search time limit missing -> can't compute time scores
search memory limit missing -> can't compute memory score
