INFO     planner time limit: 900s
INFO     planner memory limit: 3584 MB

INFO     Running translator.
INFO     translator stdin: None
INFO     translator time limit: 899s
INFO     translator memory limit: 3584 MB
INFO     translator command line string: /usr/local/downward-projects/downward/experiments/.venv/bin/python3 /usr/local/downward-projects/downward/experiments/src/thesis/data/thesis-thesis_exp/code-492c46a6b9a8d722366a407090da84235e2f79dc_e5e41175/builds/release/bin/translate/translate.py domain.pddl problem.pddl --sas-file output.sas
Parsing...
Parsing: [0.010s CPU, 0.004s wall-clock]
Normalizing task... [0.000s CPU, 0.000s wall-clock]
Instantiating...
Generating Datalog program... [0.000s CPU, 0.002s wall-clock]
Normalizing Datalog program...
Normalizing Datalog program: [0.000s CPU, 0.002s wall-clock]
Preparing model... [0.000s CPU, 0.004s wall-clock]
Generated 26 rules.
Computing model... [21.030s CPU, 21.167s wall-clock]
1569229 relevant atoms
1042435 auxiliary atoms
2611664 final queue length
5708684 total queue pushes
Completing instantiation... 
Translator ran out of memory, traceback:
===============================================================================
MemoryError

During handling of the above exception, another exception occurred:

Traceback (most recent call last):
  File "/usr/local/downward-projects/downward/experiments/src/thesis/data/thesis-thesis_exp/code-492c46a6b9a8d722366a407090da84235e2f79dc_e5e41175/builds/release/bin/translate/pddl/conditions.py", line 274, in instantiate
    args = [var_mapping.get(arg, arg) for arg in self.args]
MemoryError

During handling of the above exception, another exception occurred:

Traceback (most recent call last):
  File "/usr/local/downward-projects/downward/experiments/src/thesis/data/thesis-thesis_exp/code-492c46a6b9a8d722366a407090da84235e2f79dc_e5e41175/builds/release/bin/translate/pddl/actions.py", line 88, in instantiate
    self.precondition.instantiate(var_mapping, init_facts,
MemoryError

During handling of the above exception, another exception occurred:

MemoryError

During handling of the above exception, another exception occurred:

MemoryError

During handling of the above exception, another exception occurred:

MemoryError

During handling of the above exception, another exception occurred:

MemoryError

During handling of the above exception, another exception occurred:

MemoryError

During handling of the above exception, another exception occurred:

MemoryError

During handling of the above exception, another exception occurred:

MemoryError

During handling of the above exception, another exception occurred:

MemoryError

During handling of the above exception, another exception occurred:

MemoryError

During handling of the above exception, another exception occurred:

MemoryError

During handling of the above exception, another exception occurred:

MemoryError
===============================================================================
translate exit code: 20

Driver aborting after translate
INFO     Planner time: 93.09s
search time limit missing -> can't compute time scores
search memory limit missing -> can't compute memory score
