INFO     planner time limit: 900s
INFO     planner memory limit: 3584 MB

INFO     Running translator.
INFO     translator stdin: None
INFO     translator time limit: 899s
INFO     translator memory limit: 3584 MB
INFO     translator command line string: /usr/local/downward-projects/downward/experiments/.venv/bin/python3 /usr/local/downward-projects/downward/experiments/src/thesis/data/thesis-thesis_exp/code-492c46a6b9a8d722366a407090da84235e2f79dc_e5e41175/builds/release/bin/translate/translate.py domain.pddl problem.pddl --sas-file output.sas
Parsing...
Parsing: [0.010s CPU, 0.004s wall-clock]
Normalizing task... [0.000s CPU, 0.000s wall-clock]
Instantiating...
Generating Datalog program... [0.000s CPU, 0.002s wall-clock]
Normalizing Datalog program...
Normalizing Datalog program: [0.000s CPU, 0.001s wall-clock]
Preparing model... [0.010s CPU, 0.004s wall-clock]
Generated 26 rules.
Computing model... [18.480s CPU, 18.483s wall-clock]
1306695 relevant atoms
870994 auxiliary atoms
2177689 final queue length
4753762 total queue pushes
Completing instantiation... [62.850s CPU, 62.873s wall-clock]
Instantiating: [82.150s CPU, 82.179s wall-clock]
Computing fact groups...
Finding invariants...
9 initial candidates
Finding invariants: [0.890s CPU, 0.883s wall-clock]
Checking invariant weight... [0.000s CPU, 0.001s wall-clock]
Instantiating groups... [5.510s CPU, 5.517s wall-clock]
Collecting mutex groups... [0.000s CPU, 0.008s wall-clock]
Choosing groups...
0 uncovered facts
Choosing groups: [0.020s CPU, 0.017s wall-clock]
Building translation key... [0.010s CPU, 0.007s wall-clock]
Computing fact groups: [6.470s CPU, 6.469s wall-clock]
Building STRIPS to SAS dictionary... [0.010s CPU, 0.006s wall-clock]
Building dictionary for full mutex groups... [0.000s CPU, 0.004s wall-clock]
Building mutex information...
Building mutex information: [0.000s CPU, 0.003s wall-clock]
Translating task...
Processing axioms...
Simplifying axioms... [0.000s CPU, 0.000s wall-clock]
Translator axioms removed by simplifying: 0
Computing negative axioms... [0.000s CPU, 0.000s wall-clock]
Processing axioms: [1.760s CPU, 1.760s wall-clock]

Translator ran out of memory, traceback:
===============================================================================
Traceback (most recent call last):
  File "/usr/local/downward-projects/downward/experiments/src/thesis/data/thesis-thesis_exp/code-492c46a6b9a8d722366a407090da84235e2f79dc_e5e41175/builds/release/bin/translate/sas_tasks.py", line 281, in _canonical_pre_post
    pre_post = map(tuplify, pre_post)
MemoryError

During handling of the above exception, another exception occurred:

MemoryError

During handling of the above exception, another exception occurred:

MemoryError

During handling of the above exception, another exception occurred:

MemoryError

During handling of the above exception, another exception occurred:

MemoryError

During handling of the above exception, another exception occurred:

MemoryError

During handling of the above exception, another exception occurred:

MemoryError

During handling of the above exception, another exception occurred:

MemoryError

During handling of the above exception, another exception occurred:

MemoryError

During handling of the above exception, another exception occurred:

MemoryError

During handling of the above exception, another exception occurred:

MemoryError

During handling of the above exception, another exception occurred:

MemoryError

During handling of the above exception, another exception occurred:

MemoryError
===============================================================================
translate exit code: 20

Driver aborting after translate
INFO     Planner time: 100.91s
search time limit missing -> can't compute time scores
search memory limit missing -> can't compute memory score
